\BOOKMARK [0][-]{chapter.1}{Introduction}{}% 1
\BOOKMARK [1][-]{section.1.1}{OEMOF in Detail}{chapter.1}% 2
\BOOKMARK [2][-]{subsection.1.1.1}{Generating a MILP Problem from OEMOF Components}{section.1.1}% 3
\BOOKMARK [1][-]{section.1.2}{HAL in Detail}{chapter.1}% 4
\BOOKMARK [2][-]{subsection.1.2.1}{Auction Algorithm}{section.1.2}% 5
\BOOKMARK [0][-]{chapter.2}{Methodology}{}% 6
\BOOKMARK [1][-]{section.2.1}{Ensuring Model Comparability}{chapter.2}% 7
\BOOKMARK [2][-]{subsection.2.1.1}{Used components}{section.2.1}% 8
\BOOKMARK [1][-]{section.2.2}{Tested Energy System}{chapter.2}% 9
\BOOKMARK [1][-]{section.2.3}{Time Series}{chapter.2}% 10
\BOOKMARK [2][-]{subsection.2.3.1}{Thermal Load Model}{section.2.3}% 11
\BOOKMARK [1][-]{section.2.4}{Relevant Performance Metrics}{chapter.2}% 12
\BOOKMARK [1][-]{section.2.5}{Simulation Setup}{chapter.2}% 13
\BOOKMARK [1][-]{section.2.6}{Creating a Schedule from Simulation Output}{chapter.2}% 14
\BOOKMARK [2][-]{subsection.2.6.1}{Noise Induced PV Data}{section.2.6}% 15
\BOOKMARK [0][-]{chapter.3}{Results}{}% 16
\BOOKMARK [1][-]{section.3.1}{Baseline Results}{chapter.3}% 17
\BOOKMARK [1][-]{section.3.2}{Incremental Setup}{chapter.3}% 18
\BOOKMARK [1][-]{section.3.3}{Noise Setup}{chapter.3}% 19
\BOOKMARK [1][-]{section.3.4}{Real Data Setup}{chapter.3}% 20
\BOOKMARK [1][-]{section.3.5}{Schedule vs. Schedule Setup}{chapter.3}% 21
\BOOKMARK [0][-]{chapter.4}{Conclusions}{}% 22
